[13:51:03.403][info] [#0:/home/mjc/.local/share/nvim/lsp_servers/sumneko_lua/extension/server/main.lua:65]: Lua Lsp startup, root: 	/home/mjc/.local/share/nvim/lsp_servers/sumneko_lua/extension/server
[13:51:03.403][info] [#0:/home/mjc/.local/share/nvim/lsp_servers/sumneko_lua/extension/server/main.lua:66]: ROOT:	/home/mjc/.local/share/nvim/lsp_servers/sumneko_lua/extension/server
[13:51:03.403][info] [#0:/home/mjc/.local/share/nvim/lsp_servers/sumneko_lua/extension/server/main.lua:67]: LOGPATH:	/home/mjc/.local/share/nvim/lsp_servers/sumneko_lua/extension/server/log
[13:51:03.403][info] [#0:/home/mjc/.local/share/nvim/lsp_servers/sumneko_lua/extension/server/main.lua:68]: METAPATH:	/home/mjc/.local/share/nvim/lsp_servers/sumneko_lua/extension/server/meta
[13:51:03.403][info] [#0:/home/mjc/.local/share/nvim/lsp_servers/sumneko_lua/extension/server/main.lua:69]: VERSION:	3.5.2
[13:51:03.427][info] [#0:script/service/service.lua:141]: 
========= Medical Examination Report =========
    --------------- Memory ---------------
        Total: 1.548 MB
        # 00 : 1.548 MB
        # 01 : 0.000 MB
        # 02 : 0.000 MB
        # 03 : 0.000 MB
        # 04 : 0.000 MB
    --------------- Coroutine ---------------
        Total:     0
        Running:   0
        Suspended: 0
        Normal:    0
        Dead:      0
    --------------- Cache ---------------
        Total: 1
        Dead:  0
    ---------------  RPC  ---------------
        Holdon:   0
        Waiting:  0
==============================================
[13:51:03.535][info] [#0:script/language.lua:137]: VSC language: nil
[13:51:03.535][info] [#0:script/language.lua:138]: LS  language: en-us
[13:51:03.535][info] [#0:script/workspace/workspace.lua:38]: Workspace init root: 	file:///home/mjc/.config/nvim/lua/colorschemes
[13:51:03.535][info] [#0:script/workspace/workspace.lua:42]: Log path: 	/home/mjc/.local/share/nvim/lsp_servers/sumneko_lua/extension/server/log/file_home_mjc_.config_nvim_lua_colorschemes.log
[13:51:03.535][info] [#0:script/workspace/workspace.lua:51]: Workspace create: 	file:///home/mjc/.config/nvim/lua/colorschemes
[13:51:03.540][info] [#0:script/provider/provider.lua:42]: Load config from client	file:///home/mjc/.config/nvim/lua/colorschemes
[13:51:03.540][info] [#0:script/provider/provider.lua:43]: {
  Lua = {
    diagnostics = {
      globals = { "vim", "use" }
    },
    telemetry = {
      enable = false
    },
    workspace = {
      library = {
        ["/home/mjc/.config/nvim/lua"] = true,
        ["/usr/share/nvim/runtime/lua"] = true
      }
    }
  }
}
[13:51:03.540][info] [#0:script/provider/provider.lua:42]: Load config from client	file:///home/mjc/.config/nvim/lua/colorschemes
[13:51:03.540][info] [#0:script/provider/provider.lua:43]: {
  Lua = {
    diagnostics = {
      globals = { "vim", "use" }
    },
    telemetry = {
      enable = false
    },
    workspace = {
      library = {
        ["/home/mjc/.config/nvim/lua"] = true,
        ["/usr/share/nvim/runtime/lua"] = true
      }
    }
  }
}
[13:51:03.541][info] [#0:script/provider/provider.lua:57]: Load config from client	fallback
[13:51:03.541][info] [#0:script/provider/provider.lua:58]: {
  Lua = {
    diagnostics = {
      globals = { "vim", "use" }
    },
    telemetry = {
      enable = false
    },
    workspace = {
      library = {
        ["/home/mjc/.config/nvim/lua"] = true,
        ["/usr/share/nvim/runtime/lua"] = true
      }
    }
  }
}
[13:51:03.541][info] [#0:script/library.lua:207]: Init builtin library at:	file:///home/mjc/.config/nvim/lua/colorschemes
[13:51:03.550][info] [#0:script/plugin.lua:86]: plugin path:	/home/mjc/.config/nvim/lua/colorschemes
[13:51:03.550][warn] [#0:script/plugin.lua:101]: plugin not found:	/home/mjc/.config/nvim/lua/colorschemes
[13:51:03.550][info] [#0:script/library.lua:207]: Init builtin library at:	nil
[13:51:03.561][info] [#0:script/provider/provider.lua:57]: Load config from client	fallback
[13:51:03.561][info] [#0:script/provider/provider.lua:58]: {
  Lua = {
    diagnostics = {
      globals = { "vim", "use" }
    },
    telemetry = {
      enable = false
    },
    workspace = {
      library = {
        ["/home/mjc/.config/nvim/lua"] = true,
        ["/usr/share/nvim/runtime/lua"] = true
      }
    }
  }
}
[13:51:05.446][info] [#0:script/workspace/workspace.lua:305]: Preload start:	file:///home/mjc/.config/nvim/lua/colorschemes
[13:51:05.447][info] [#0:script/workspace/workspace.lua:311]: Scan files at:	file:///home/mjc/.config/nvim/lua/colorschemes
[13:51:05.447][info] [#0:script/workspace/workspace.lua:305]: Preload start:	<fallback>
[13:51:05.448][info] [#0:script/workspace/workspace.lua:328]: Scan library at:	file:///home/mjc/.local/share/nvim/lsp_servers/sumneko_lua/extension/server/meta/Lua%205.4%20en-us%20utf8
[13:51:05.450][info] [#0:script/workspace/workspace.lua:328]: Scan library at:	file:///home/mjc/.local/share/nvim/lsp_servers/sumneko_lua/extension/server/meta/Lua%205.4%20en-us%20utf8
[13:51:05.452][info] [#0:script/workspace/workspace.lua:328]: Scan library at:	file:///home/mjc/.config/nvim/lua
[13:51:05.453][info] [#0:script/workspace/workspace.lua:328]: Scan library at:	file:///home/mjc/.config/nvim/lua
[13:51:05.457][info] [#0:script/workspace/workspace.lua:328]: Scan library at:	file:///usr/share/nvim/runtime/lua
[13:51:05.458][info] [#0:script/workspace/workspace.lua:328]: Scan library at:	file:///usr/share/nvim/runtime/lua
[13:51:07.448][info] [#0:script/workspace/workspace.lua:348]: Found 67 files at:	<fallback>
[13:51:07.448][info] [#0:script/workspace/loading.lua:152]: Load files from disk:	<fallback>
[13:51:07.448][info] [#0:script/workspace/workspace.lua:348]: Found 70 files at:	file:///home/mjc/.config/nvim/lua/colorschemes
[13:51:07.448][info] [#0:script/workspace/loading.lua:152]: Load files from disk:	file:///home/mjc/.config/nvim/lua/colorschemes
[13:51:07.504][info] [#0:script/workspace/loading.lua:164]: Loaded files takes [0.074] sec: file:///home/mjc/.config/nvim/lua/colorschemes
[13:51:07.504][info] [#0:script/workspace/loading.lua:173]: Compile files takes [0.000] sec: file:///home/mjc/.config/nvim/lua/colorschemes
[13:51:07.504][info] [#0:script/workspace/loading.lua:174]: Loaded finish:	file:///home/mjc/.config/nvim/lua/colorschemes
[13:51:07.504][info] [#0:script/workspace/workspace.lua:350]: Preload finish at:	file:///home/mjc/.config/nvim/lua/colorschemes
[13:51:07.934][info] [#0:script/workspace/loading.lua:164]: Loaded files takes [0.505] sec: <fallback>
[13:51:07.934][info] [#0:script/workspace/loading.lua:173]: Compile files takes [0.000] sec: <fallback>
[13:51:07.934][info] [#0:script/workspace/loading.lua:174]: Loaded finish:	<fallback>
[13:51:07.934][info] [#0:script/workspace/workspace.lua:350]: Preload finish at:	<fallback>
[13:51:07.943][warn] [#0:script/proto/proto.lua:122]: Response of [workspace/diagnostic/refresh] error [-32601]: MethodNotFound
[13:51:08.043][warn] [#0:script/proto/proto.lua:122]: Response of [workspace/diagnostic/refresh] error [-32601]: MethodNotFound
[13:51:09.446][info] [#0:script/provider/diagnostic.lua:486]: Diagnostics scope [<fallback>], files count:[67]
[13:51:09.450][info] [#0:script/provider/diagnostic.lua:486]: Diagnostics scope [file:///home/mjc/.config/nvim/lua/colorschemes], files count:[67]
[13:51:09.588][info] [#0:script/provider/diagnostic.lua:503]: Diagnostics scope [<fallback>] finished, takes [0.142] sec.
[13:51:09.588][info] [#0:script/provider/diagnostic.lua:503]: Diagnostics scope [file:///home/mjc/.config/nvim/lua/colorschemes] finished, takes [0.139] sec.
[13:51:20.944][info] [#0:script/provider/provider.lua:168]: Server shutdown.
[13:51:21.045][info] [#0:script/provider/provider.lua:161]: Server exited.
