[18:16:43.270][info] [#0:/home/mjc/.local/share/nvim/lsp_servers/sumneko_lua/extension/server/main.lua:65]: Lua Lsp startup, root: 	/home/mjc/.local/share/nvim/lsp_servers/sumneko_lua/extension/server
[18:16:43.270][info] [#0:/home/mjc/.local/share/nvim/lsp_servers/sumneko_lua/extension/server/main.lua:66]: ROOT:	/home/mjc/.local/share/nvim/lsp_servers/sumneko_lua/extension/server
[18:16:43.270][info] [#0:/home/mjc/.local/share/nvim/lsp_servers/sumneko_lua/extension/server/main.lua:67]: LOGPATH:	/home/mjc/.local/share/nvim/lsp_servers/sumneko_lua/extension/server/log
[18:16:43.270][info] [#0:/home/mjc/.local/share/nvim/lsp_servers/sumneko_lua/extension/server/main.lua:68]: METAPATH:	/home/mjc/.local/share/nvim/lsp_servers/sumneko_lua/extension/server/meta
[18:16:43.270][info] [#0:/home/mjc/.local/share/nvim/lsp_servers/sumneko_lua/extension/server/main.lua:69]: VERSION:	3.5.2
[18:16:43.295][info] [#0:script/service/service.lua:141]: 
========= Medical Examination Report =========
    --------------- Memory ---------------
        Total: 1.548 MB
        # 00 : 1.548 MB
        # 01 : 0.000 MB
        # 02 : 0.000 MB
        # 03 : 0.000 MB
        # 04 : 0.000 MB
    --------------- Coroutine ---------------
        Total:     0
        Running:   0
        Suspended: 0
        Normal:    0
        Dead:      0
    --------------- Cache ---------------
        Total: 1
        Dead:  0
    ---------------  RPC  ---------------
        Holdon:   0
        Waiting:  0
==============================================
[18:16:43.404][info] [#0:script/language.lua:137]: VSC language: nil
[18:16:43.404][info] [#0:script/language.lua:138]: LS  language: en-us
[18:16:43.404][info] [#0:script/workspace/workspace.lua:38]: Workspace init root: 	file:///home/mjc/Desktop/Neovim-from-scratch
[18:16:43.404][info] [#0:script/workspace/workspace.lua:42]: Log path: 	/home/mjc/.local/share/nvim/lsp_servers/sumneko_lua/extension/server/log/file_home_mjc_Desktop_Neovim-from-scratch.log
[18:16:43.405][info] [#0:script/workspace/workspace.lua:51]: Workspace create: 	file:///home/mjc/Desktop/Neovim-from-scratch
[18:16:43.411][info] [#0:script/provider/provider.lua:42]: Load config from client	file:///home/mjc/Desktop/Neovim-from-scratch
[18:16:43.411][info] [#0:script/provider/provider.lua:43]: {
  Lua = {
    diagnostics = {
      globals = { "vim", "use" }
    },
    telemetry = {
      enable = false
    },
    workspace = {
      library = {
        ["/home/mjc/.config/nvim/lua"] = true,
        ["/usr/share/nvim/runtime/lua"] = true
      }
    }
  }
}
[18:16:43.411][info] [#0:script/provider/provider.lua:42]: Load config from client	file:///home/mjc/Desktop/Neovim-from-scratch
[18:16:43.411][info] [#0:script/provider/provider.lua:43]: {
  Lua = {
    diagnostics = {
      globals = { "vim", "use" }
    },
    telemetry = {
      enable = false
    },
    workspace = {
      library = {
        ["/home/mjc/.config/nvim/lua"] = true,
        ["/usr/share/nvim/runtime/lua"] = true
      }
    }
  }
}
[18:16:43.412][info] [#0:script/provider/provider.lua:57]: Load config from client	fallback
[18:16:43.412][info] [#0:script/provider/provider.lua:58]: {
  Lua = {
    diagnostics = {
      globals = { "vim", "use" }
    },
    telemetry = {
      enable = false
    },
    workspace = {
      library = {
        ["/home/mjc/.config/nvim/lua"] = true,
        ["/usr/share/nvim/runtime/lua"] = true
      }
    }
  }
}
[18:16:43.412][info] [#0:script/library.lua:207]: Init builtin library at:	file:///home/mjc/Desktop/Neovim-from-scratch
[18:16:43.434][info] [#0:script/plugin.lua:86]: plugin path:	/home/mjc/Desktop/Neovim-from-scratch
[18:16:43.434][warn] [#0:script/plugin.lua:101]: plugin not found:	/home/mjc/Desktop/Neovim-from-scratch
[18:16:43.434][info] [#0:script/library.lua:207]: Init builtin library at:	nil
[18:16:43.450][info] [#0:script/provider/provider.lua:57]: Load config from client	fallback
[18:16:43.450][info] [#0:script/provider/provider.lua:58]: {
  Lua = {
    diagnostics = {
      globals = { "vim", "use" }
    },
    telemetry = {
      enable = false
    },
    workspace = {
      library = {
        ["/home/mjc/.config/nvim/lua"] = true,
        ["/usr/share/nvim/runtime/lua"] = true
      }
    }
  }
}
[18:16:45.323][info] [#0:script/workspace/workspace.lua:305]: Preload start:	file:///home/mjc/Desktop/Neovim-from-scratch
[18:16:45.325][info] [#0:script/workspace/workspace.lua:311]: Scan files at:	file:///home/mjc/Desktop/Neovim-from-scratch
[18:16:45.325][info] [#0:script/workspace/workspace.lua:305]: Preload start:	<fallback>
[18:16:45.326][info] [#0:script/workspace/workspace.lua:328]: Scan library at:	file:///home/mjc/.local/share/nvim/lsp_servers/sumneko_lua/extension/server/meta/Lua%205.4%20en-us%20utf8
[18:16:45.330][info] [#0:script/workspace/workspace.lua:328]: Scan library at:	file:///home/mjc/.config/nvim/lua
[18:16:45.335][info] [#0:script/workspace/workspace.lua:328]: Scan library at:	file:///usr/share/nvim/runtime/lua
[18:16:45.342][info] [#0:script/workspace/workspace.lua:328]: Scan library at:	file:///home/mjc/.local/share/nvim/lsp_servers/sumneko_lua/extension/server/meta/Lua%205.4%20en-us%20utf8
[18:16:45.345][info] [#0:script/workspace/workspace.lua:328]: Scan library at:	file:///home/mjc/.config/nvim/lua
[18:16:45.347][info] [#0:script/workspace/workspace.lua:328]: Scan library at:	file:///usr/share/nvim/runtime/lua
[18:16:47.323][info] [#0:script/workspace/workspace.lua:348]: Found 63 files at:	<fallback>
[18:16:47.323][info] [#0:script/workspace/loading.lua:152]: Load files from disk:	<fallback>
[18:16:47.323][info] [#0:script/workspace/workspace.lua:348]: Found 90 files at:	file:///home/mjc/Desktop/Neovim-from-scratch
[18:16:47.323][info] [#0:script/workspace/loading.lua:152]: Load files from disk:	file:///home/mjc/Desktop/Neovim-from-scratch
[18:16:49.325][info] [#0:script/workspace/loading.lua:164]: Loaded files takes [0.074] sec: <fallback>
[18:16:49.325][info] [#0:script/workspace/loading.lua:173]: Compile files takes [0.000] sec: <fallback>
[18:16:49.326][info] [#0:script/workspace/loading.lua:174]: Loaded finish:	<fallback>
[18:16:49.326][info] [#0:script/workspace/workspace.lua:350]: Preload finish at:	<fallback>
[18:16:49.365][info] [#0:script/workspace/loading.lua:164]: Loaded files takes [0.113] sec: file:///home/mjc/Desktop/Neovim-from-scratch
[18:16:49.365][info] [#0:script/workspace/loading.lua:173]: Compile files takes [0.000] sec: file:///home/mjc/Desktop/Neovim-from-scratch
[18:16:49.365][info] [#0:script/workspace/loading.lua:174]: Loaded finish:	file:///home/mjc/Desktop/Neovim-from-scratch
[18:16:49.365][info] [#0:script/workspace/workspace.lua:350]: Preload finish at:	file:///home/mjc/Desktop/Neovim-from-scratch
[18:16:49.824][warn] [#0:script/proto/proto.lua:122]: Response of [workspace/diagnostic/refresh] error [-32601]: MethodNotFound
[18:16:49.824][warn] [#0:script/proto/proto.lua:122]: Response of [workspace/diagnostic/refresh] error [-32601]: MethodNotFound
[18:16:49.824][info] [#0:script/provider/diagnostic.lua:486]: Diagnostics scope [<fallback>], files count:[90]
[18:16:49.825][info] [#0:script/provider/diagnostic.lua:486]: Diagnostics scope [file:///home/mjc/Desktop/Neovim-from-scratch], files count:[90]
[18:16:50.095][info] [#0:script/provider/diagnostic.lua:503]: Diagnostics scope [<fallback>] finished, takes [0.270] sec.
[18:16:50.095][info] [#0:script/provider/diagnostic.lua:503]: Diagnostics scope [file:///home/mjc/Desktop/Neovim-from-scratch] finished, takes [0.270] sec.
[18:16:59.632][info] [#0:script/provider/provider.lua:168]: Server shutdown.
[18:16:59.733][info] [#0:script/provider/provider.lua:161]: Server exited.
