[22:10:31.947][info] [#0:/home/mjc/.local/share/nvim/lsp_servers/sumneko_lua/extension/server/main.lua:65]: Lua Lsp startup, root: 	/home/mjc/.local/share/nvim/lsp_servers/sumneko_lua/extension/server
[22:10:31.947][info] [#0:/home/mjc/.local/share/nvim/lsp_servers/sumneko_lua/extension/server/main.lua:66]: ROOT:	/home/mjc/.local/share/nvim/lsp_servers/sumneko_lua/extension/server
[22:10:31.947][info] [#0:/home/mjc/.local/share/nvim/lsp_servers/sumneko_lua/extension/server/main.lua:67]: LOGPATH:	/home/mjc/.local/share/nvim/lsp_servers/sumneko_lua/extension/server/log
[22:10:31.947][info] [#0:/home/mjc/.local/share/nvim/lsp_servers/sumneko_lua/extension/server/main.lua:68]: METAPATH:	/home/mjc/.local/share/nvim/lsp_servers/sumneko_lua/extension/server/meta
[22:10:31.947][info] [#0:/home/mjc/.local/share/nvim/lsp_servers/sumneko_lua/extension/server/main.lua:69]: VERSION:	3.5.2
[22:10:31.974][info] [#0:script/service/service.lua:141]: 
========= Medical Examination Report =========
    --------------- Memory ---------------
        Total: 1.548 MB
        # 00 : 1.548 MB
        # 01 : 0.000 MB
        # 02 : 0.000 MB
        # 03 : 0.000 MB
        # 04 : 0.000 MB
    --------------- Coroutine ---------------
        Total:     0
        Running:   0
        Suspended: 0
        Normal:    0
        Dead:      0
    --------------- Cache ---------------
        Total: 1
        Dead:  0
    ---------------  RPC  ---------------
        Holdon:   0
        Waiting:  0
==============================================
[22:10:32.083][info] [#0:script/language.lua:137]: VSC language: nil
[22:10:32.083][info] [#0:script/language.lua:138]: LS  language: en-us
[22:10:32.084][info] [#0:script/workspace/workspace.lua:38]: Workspace init root: 	file:///home/mjc/.config/nvim/plugin
[22:10:32.084][info] [#0:script/workspace/workspace.lua:42]: Log path: 	/home/mjc/.local/share/nvim/lsp_servers/sumneko_lua/extension/server/log/file_home_mjc_.config_nvim_plugin.log
[22:10:32.085][info] [#0:script/workspace/workspace.lua:51]: Workspace create: 	file:///home/mjc/.config/nvim/plugin
[22:10:32.197][info] [#0:script/provider/provider.lua:42]: Load config from client	file:///home/mjc/.config/nvim/plugin
[22:10:32.197][info] [#0:script/provider/provider.lua:43]: {
  Lua = {
    diagnostics = {
      globals = { "vim", "use" }
    },
    telemetry = {
      enable = false
    },
    workspace = {
      library = {
        ["/home/mjc/.config/nvim/lua"] = true,
        ["/usr/share/nvim/runtime/lua"] = true
      }
    }
  }
}
[22:10:32.199][info] [#0:script/provider/provider.lua:42]: Load config from client	file:///home/mjc/.config/nvim/plugin
[22:10:32.199][info] [#0:script/provider/provider.lua:43]: {
  Lua = {
    diagnostics = {
      globals = { "vim", "use" }
    },
    telemetry = {
      enable = false
    },
    workspace = {
      library = {
        ["/home/mjc/.config/nvim/lua"] = true,
        ["/usr/share/nvim/runtime/lua"] = true
      }
    }
  }
}
[22:10:32.201][info] [#0:script/provider/provider.lua:57]: Load config from client	fallback
[22:10:32.201][info] [#0:script/provider/provider.lua:58]: {
  Lua = {
    diagnostics = {
      globals = { "vim", "use" }
    },
    telemetry = {
      enable = false
    },
    workspace = {
      library = {
        ["/home/mjc/.config/nvim/lua"] = true,
        ["/usr/share/nvim/runtime/lua"] = true
      }
    }
  }
}
[22:10:32.202][info] [#0:script/library.lua:207]: Init builtin library at:	file:///home/mjc/.config/nvim/plugin
[22:10:32.263][info] [#0:script/plugin.lua:86]: plugin path:	/home/mjc/.config/nvim/plugin
[22:10:32.264][warn] [#0:script/plugin.lua:101]: plugin not found:	/home/mjc/.config/nvim/plugin
[22:10:32.264][info] [#0:script/library.lua:207]: Init builtin library at:	nil
[22:10:32.283][info] [#0:script/provider/provider.lua:57]: Load config from client	fallback
[22:10:32.283][info] [#0:script/provider/provider.lua:58]: {
  Lua = {
    diagnostics = {
      globals = { "vim", "use" }
    },
    telemetry = {
      enable = false
    },
    workspace = {
      library = {
        ["/home/mjc/.config/nvim/lua"] = true,
        ["/usr/share/nvim/runtime/lua"] = true
      }
    }
  }
}
[22:10:33.994][info] [#0:script/workspace/workspace.lua:305]: Preload start:	file:///home/mjc/.config/nvim/plugin
[22:10:33.998][info] [#0:script/workspace/workspace.lua:311]: Scan files at:	file:///home/mjc/.config/nvim/plugin
[22:10:33.999][info] [#0:script/workspace/workspace.lua:305]: Preload start:	<fallback>
[22:10:34.002][info] [#0:script/workspace/workspace.lua:328]: Scan library at:	file:///home/mjc/.local/share/nvim/lsp_servers/sumneko_lua/extension/server/meta/Lua%205.4%20en-us%20utf8
[22:10:34.006][info] [#0:script/workspace/workspace.lua:328]: Scan library at:	file:///home/mjc/.local/share/nvim/lsp_servers/sumneko_lua/extension/server/meta/Lua%205.4%20en-us%20utf8
[22:10:34.016][info] [#0:script/workspace/workspace.lua:328]: Scan library at:	file:///home/mjc/.config/nvim/lua
[22:10:34.017][info] [#0:script/workspace/workspace.lua:328]: Scan library at:	file:///home/mjc/.config/nvim/lua
[22:10:34.030][info] [#0:script/workspace/workspace.lua:328]: Scan library at:	file:///usr/share/nvim/runtime/lua
[22:10:34.031][info] [#0:script/workspace/workspace.lua:328]: Scan library at:	file:///usr/share/nvim/runtime/lua
[22:10:35.995][info] [#0:script/workspace/workspace.lua:348]: Found 67 files at:	<fallback>
[22:10:35.995][info] [#0:script/workspace/loading.lua:152]: Load files from disk:	<fallback>
[22:10:35.996][info] [#0:script/workspace/workspace.lua:348]: Found 68 files at:	file:///home/mjc/.config/nvim/plugin
[22:10:35.996][info] [#0:script/workspace/loading.lua:152]: Load files from disk:	file:///home/mjc/.config/nvim/plugin
[22:10:37.995][info] [#0:script/workspace/loading.lua:164]: Loaded files takes [0.064] sec: <fallback>
[22:10:37.995][info] [#0:script/workspace/loading.lua:173]: Compile files takes [0.000] sec: <fallback>
[22:10:37.995][info] [#0:script/workspace/loading.lua:174]: Loaded finish:	<fallback>
[22:10:37.995][info] [#0:script/workspace/workspace.lua:350]: Preload finish at:	<fallback>
[22:10:38.030][info] [#0:script/workspace/loading.lua:164]: Loaded files takes [0.098] sec: file:///home/mjc/.config/nvim/plugin
[22:10:38.030][info] [#0:script/workspace/loading.lua:173]: Compile files takes [0.000] sec: file:///home/mjc/.config/nvim/plugin
[22:10:38.030][info] [#0:script/workspace/loading.lua:174]: Loaded finish:	file:///home/mjc/.config/nvim/plugin
[22:10:38.030][info] [#0:script/workspace/workspace.lua:350]: Preload finish at:	file:///home/mjc/.config/nvim/plugin
[22:10:38.517][warn] [#0:script/proto/proto.lua:122]: Response of [workspace/diagnostic/refresh] error [-32601]: MethodNotFound
[22:10:38.518][info] [#0:script/provider/diagnostic.lua:486]: Diagnostics scope [<fallback>], files count:[68]
[22:10:38.518][info] [#0:script/provider/diagnostic.lua:486]: Diagnostics scope [file:///home/mjc/.config/nvim/plugin], files count:[68]
[22:10:38.520][warn] [#0:script/proto/proto.lua:122]: Response of [workspace/diagnostic/refresh] error [-32601]: MethodNotFound
[22:10:38.660][info] [#0:script/provider/diagnostic.lua:503]: Diagnostics scope [<fallback>] finished, takes [0.142] sec.
[22:10:38.660][info] [#0:script/provider/diagnostic.lua:503]: Diagnostics scope [file:///home/mjc/.config/nvim/plugin] finished, takes [0.142] sec.
[22:10:50.097][info] [#0:script/provider/provider.lua:168]: Server shutdown.
[22:10:50.198][info] [#0:script/provider/provider.lua:161]: Server exited.
