[17:33:55.443][info] [#0:/home/mjc/.local/share/nvim/lsp_servers/sumneko_lua/extension/server/main.lua:65]: Lua Lsp startup, root: 	/home/mjc/.local/share/nvim/lsp_servers/sumneko_lua/extension/server
[17:33:55.443][info] [#0:/home/mjc/.local/share/nvim/lsp_servers/sumneko_lua/extension/server/main.lua:66]: ROOT:	/home/mjc/.local/share/nvim/lsp_servers/sumneko_lua/extension/server
[17:33:55.443][info] [#0:/home/mjc/.local/share/nvim/lsp_servers/sumneko_lua/extension/server/main.lua:67]: LOGPATH:	/home/mjc/.local/share/nvim/lsp_servers/sumneko_lua/extension/server/log
[17:33:55.443][info] [#0:/home/mjc/.local/share/nvim/lsp_servers/sumneko_lua/extension/server/main.lua:68]: METAPATH:	/home/mjc/.local/share/nvim/lsp_servers/sumneko_lua/extension/server/meta
[17:33:55.443][info] [#0:/home/mjc/.local/share/nvim/lsp_servers/sumneko_lua/extension/server/main.lua:69]: VERSION:	3.5.2
[17:33:55.471][info] [#0:script/service/service.lua:141]: 
========= Medical Examination Report =========
    --------------- Memory ---------------
        Total: 1.548 MB
        # 00 : 1.548 MB
        # 01 : 0.000 MB
        # 02 : 0.000 MB
        # 03 : 0.000 MB
        # 04 : 0.000 MB
    --------------- Coroutine ---------------
        Total:     0
        Running:   0
        Suspended: 0
        Normal:    0
        Dead:      0
    --------------- Cache ---------------
        Total: 1
        Dead:  0
    ---------------  RPC  ---------------
        Holdon:   0
        Waiting:  0
==============================================
[17:33:55.579][info] [#0:script/language.lua:137]: VSC language: nil
[17:33:55.579][info] [#0:script/language.lua:138]: LS  language: en-us
[17:33:55.579][info] [#0:script/workspace/workspace.lua:38]: Workspace init root: 	file:///home/mjc/.local/share/nvim/site/pack/packer/start/LuaSnip
[17:33:55.579][info] [#0:script/workspace/workspace.lua:42]: Log path: 	/home/mjc/.local/share/nvim/lsp_servers/sumneko_lua/extension/server/log/file_home_mjc_.local_share_nvim_site_pack_packer_start_LuaSnip.log
[17:33:55.579][info] [#0:script/workspace/workspace.lua:51]: Workspace create: 	file:///home/mjc/.local/share/nvim/site/pack/packer/start/LuaSnip
[17:33:55.687][info] [#0:script/provider/provider.lua:42]: Load config from client	file:///home/mjc/.local/share/nvim/site/pack/packer/start/LuaSnip
[17:33:55.687][info] [#0:script/provider/provider.lua:43]: {
  Lua = {
    diagnostics = {
      globals = { "vim", "use" }
    },
    telemetry = {
      enable = false
    },
    workspace = {
      library = {
        ["/home/mjc/.config/nvim/lua"] = true,
        ["/usr/share/nvim/runtime/lua"] = true
      }
    }
  }
}
[17:33:55.687][info] [#0:script/provider/provider.lua:42]: Load config from client	file:///home/mjc/.local/share/nvim/site/pack/packer/start/LuaSnip
[17:33:55.688][info] [#0:script/provider/provider.lua:43]: {
  Lua = {
    diagnostics = {
      globals = { "vim", "use" }
    },
    telemetry = {
      enable = false
    },
    workspace = {
      library = {
        ["/home/mjc/.config/nvim/lua"] = true,
        ["/usr/share/nvim/runtime/lua"] = true
      }
    }
  }
}
[17:33:55.688][info] [#0:script/provider/provider.lua:57]: Load config from client	fallback
[17:33:55.689][info] [#0:script/provider/provider.lua:58]: {
  Lua = {
    diagnostics = {
      globals = { "vim", "use" }
    },
    telemetry = {
      enable = false
    },
    workspace = {
      library = {
        ["/home/mjc/.config/nvim/lua"] = true,
        ["/usr/share/nvim/runtime/lua"] = true
      }
    }
  }
}
[17:33:55.689][info] [#0:script/library.lua:207]: Init builtin library at:	file:///home/mjc/.local/share/nvim/site/pack/packer/start/LuaSnip
[17:33:55.715][info] [#0:script/plugin.lua:86]: plugin path:	/home/mjc/.local/share/nvim/site/pack/packer/start/LuaSnip
[17:33:55.715][warn] [#0:script/plugin.lua:101]: plugin not found:	/home/mjc/.local/share/nvim/site/pack/packer/start/LuaSnip
[17:33:55.715][info] [#0:script/library.lua:207]: Init builtin library at:	nil
[17:33:55.729][info] [#0:script/provider/provider.lua:57]: Load config from client	fallback
[17:33:55.729][info] [#0:script/provider/provider.lua:58]: {
  Lua = {
    diagnostics = {
      globals = { "vim", "use" }
    },
    telemetry = {
      enable = false
    },
    workspace = {
      library = {
        ["/home/mjc/.config/nvim/lua"] = true,
        ["/usr/share/nvim/runtime/lua"] = true
      }
    }
  }
}
[17:33:55.730][info] [#0:script/workspace/workspace.lua:305]: Preload start:	file:///home/mjc/.local/share/nvim/site/pack/packer/start/LuaSnip
[17:33:55.730][info] [#0:script/workspace/workspace.lua:311]: Scan files at:	file:///home/mjc/.local/share/nvim/site/pack/packer/start/LuaSnip
[17:33:55.731][info] [#0:script/workspace/workspace.lua:305]: Preload start:	<fallback>
[17:33:55.732][info] [#0:script/workspace/workspace.lua:328]: Scan library at:	file:///home/mjc/.local/share/nvim/lsp_servers/sumneko_lua/extension/server/meta/Lua%205.4%20en-us%20utf8
[17:33:55.734][info] [#0:script/workspace/workspace.lua:328]: Scan library at:	file:///home/mjc/.config/nvim/lua
[17:33:55.737][info] [#0:script/workspace/workspace.lua:328]: Scan library at:	file:///usr/share/nvim/runtime/lua
[17:33:55.752][info] [#0:script/workspace/workspace.lua:328]: Scan library at:	file:///home/mjc/.local/share/nvim/lsp_servers/sumneko_lua/extension/server/meta/Lua%205.4%20en-us%20utf8
[17:33:55.753][info] [#0:script/workspace/workspace.lua:328]: Scan library at:	file:///home/mjc/.config/nvim/lua
[17:33:55.754][info] [#0:script/workspace/workspace.lua:328]: Scan library at:	file:///usr/share/nvim/runtime/lua
[17:33:57.489][info] [#0:script/workspace/workspace.lua:348]: Found 64 files at:	<fallback>
[17:33:57.489][info] [#0:script/workspace/loading.lua:152]: Load files from disk:	<fallback>
[17:33:57.489][info] [#0:script/workspace/workspace.lua:348]: Found 131 files at:	file:///home/mjc/.local/share/nvim/site/pack/packer/start/LuaSnip
[17:33:57.489][info] [#0:script/workspace/loading.lua:152]: Load files from disk:	file:///home/mjc/.local/share/nvim/site/pack/packer/start/LuaSnip
[17:33:57.539][info] [#0:script/workspace/loading.lua:164]: Loaded files takes [0.062] sec: file:///home/mjc/.local/share/nvim/site/pack/packer/start/LuaSnip
[17:33:57.539][info] [#0:script/workspace/loading.lua:173]: Compile files takes [0.000] sec: file:///home/mjc/.local/share/nvim/site/pack/packer/start/LuaSnip
[17:33:57.539][info] [#0:script/workspace/loading.lua:174]: Loaded finish:	file:///home/mjc/.local/share/nvim/site/pack/packer/start/LuaSnip
[17:33:57.539][info] [#0:script/workspace/workspace.lua:350]: Preload finish at:	file:///home/mjc/.local/share/nvim/site/pack/packer/start/LuaSnip
[17:33:58.235][warn] [#0:script/await.lua:186]: Await step takes [0.695] sec.
[17:33:58.235][info] [#0:script/workspace/loading.lua:164]: Loaded files takes [0.757] sec: <fallback>
[17:33:58.239][info] [#0:script/workspace/loading.lua:173]: Compile files takes [0.000] sec: <fallback>
[17:33:58.239][info] [#0:script/workspace/loading.lua:174]: Loaded finish:	<fallback>
[17:33:58.239][info] [#0:script/workspace/workspace.lua:350]: Preload finish at:	<fallback>
[17:33:58.255][warn] [#0:script/proto/proto.lua:122]: Response of [workspace/diagnostic/refresh] error [-32601]: MethodNotFound
[17:33:58.255][warn] [#0:script/proto/proto.lua:122]: Response of [workspace/diagnostic/refresh] error [-32601]: MethodNotFound
[17:33:59.489][info] [#0:script/provider/diagnostic.lua:486]: Diagnostics scope [<fallback>], files count:[131]
[17:33:59.490][info] [#0:script/provider/diagnostic.lua:486]: Diagnostics scope [file:///home/mjc/.local/share/nvim/site/pack/packer/start/LuaSnip], files count:[131]
[17:34:01.272][info] [#0:script/provider/diagnostic.lua:503]: Diagnostics scope [<fallback>] finished, takes [1.781] sec.
[17:34:01.272][info] [#0:script/provider/diagnostic.lua:503]: Diagnostics scope [file:///home/mjc/.local/share/nvim/site/pack/packer/start/LuaSnip] finished, takes [1.780] sec.
[17:43:22.177][info] [#0:script/provider/provider.lua:168]: Server shutdown.
[17:43:22.280][info] [#0:script/provider/provider.lua:161]: Server exited.
